#
# There is insufficient memory for the Java Runtime Environment to continue.
# Native memory allocation (malloc) failed to allocate 1048576 bytes for AllocateHeap
# Possible reasons:
#   The system is out of physical RAM or swap space
#   The process is running with CompressedOops enabled, and the Java Heap may be blocking the growth of the native heap
# Possible solutions:
#   Reduce memory load on the system
#   Increase physical memory or swap space
#   Check if swap backing store is full
#   Decrease Java heap size (-Xmx/-Xms)
#   Decrease number of Java threads
#   Decrease Java thread stack sizes (-Xss)
#   Set larger code cache with -XX:ReservedCodeCacheSize=
#   JVM is running with Unscaled Compressed Oops mode in which the Java heap is
#     placed in the first 4GB address space. The Java Heap base address is the
#     maximum limit for the native heap growth. Please use -XX:HeapBaseMinAddress
#     to set the Java Heap base and to place the Java Heap above 4GB virtual address.
# This output file may be truncated or incomplete.
#
#  Out of Memory Error (memory/allocation.inline.hpp:61), pid=9268, tid=0x00000000000039d0
#
# JRE version:  (8.0_221-b11) (build )
# Java VM: Java HotSpot(TM) 64-Bit Server VM (25.221-b11 mixed mode windows-amd64 compressed oops)
# Failed to write core dump. Minidumps are not enabled by default on client versions of Windows
#

---------------  T H R E A D  ---------------

Current thread (0x00000000033f7800):  JavaThread "Unknown thread" [_thread_in_vm, id=14800, stack(0x0000000003270000,0x0000000003370000)]

Stack: [0x0000000003270000,0x0000000003370000]
[error occurred during error reporting (printing stack bounds), id 0xc0000005]

Native frames: (J=compiled Java code, j=interpreted, Vv=VM code, C=native code)


---------------  P R O C E S S  ---------------

Java Threads: ( => current thread )

Other Threads:

=>0x00000000033f7800 (exited) JavaThread "Unknown thread" [_thread_in_vm, id=14800, stack(0x0000000003270000,0x0000000003370000)]

VM state:not at safepoint (normal execution)

VM Mutex/Monitor currently owned by a thread: None

heap address: 0x0000000081800000, size: 2024 MB, Compressed Oops mode: 32-bit
Narrow klass base: 0x0000000000000000, Narrow klass shift: 3
Compressed class space size: 1073741824 Address: 0x0000000100000000

Heap:
 PSYoungGen      total 38400K, used 665K [0x00000000d5d80000, 0x00000000d8800000, 0x0000000100000000)
  eden space 33280K, 2% used [0x00000000d5d80000,0x00000000d5e26670,0x00000000d7e00000)
  from space 5120K, 0% used [0x00000000d8300000,0x00000000d8300000,0x00000000d8800000)
  to   space 5120K, 0% used [0x00000000d7e00000,0x00000000d7e00000,0x00000000d8300000)
 ParOldGen       total 87552K, used 0K [0x0000000081800000, 0x0000000086d80000, 0x00000000d5d80000)
  object space 87552K, 0% used [0x0000000081800000,0x0000000081800000,0x0000000086d80000)
 Metaspace       used 776K, capacity 4480K, committed 4480K, reserved 1056768K
  class space    used 76K, capacity 384K, committed 384K, reserved 1048576K

Card table byte_map: [0x00000000129b0000,0x0000000012db0000] byte_map_base: 0x00000000125a4000

Marking Bits: (ParMarkBitMap*) 0x0000000060575ce0
 Begin Bits: [0x0000000013860000, 0x0000000015800000)
 End Bits:   [0x0000000015800000, 0x00000000177a0000)

Polling page: 0x0000000001010000

CodeCache: size=245760Kb used=328Kb max_used=328Kb free=245431Kb
 bounds [0x00000000035f0000, 0x0000000003860000, 0x00000000125f0000]
 total_blobs=58 nmethods=0 adapters=38
 compilation: enabled

Compilation events (0 events):
No events

GC Heap History (0 events):
No events

Deoptimization events (0 events):
No events

Classes redefined (0 events):
No events

Internal exceptions (0 events):
No events

Events (10 events):
Event: 0.027 loading class java/lang/Short
Event: 0.027 loading class java/lang/Short done
Event: 0.027 loading class java/lang/Integer
Event: 0.027 loading class java/lang/Integer done
Event: 0.027 loading class java/lang/Long
Event: 0.027 loading class java/lang/Long done
Event: 0.027 loading class java/lang/NullPointerException
Event: 0.028 loading class java/lang/NullPointerException done
Event: 0.028 loading class java/lang/ArithmeticException
Event: 0.028 loading class java/lang/ArithmeticException done


Dynamic libraries:
0x00007ff6274c0000 - 0x00007ff6274f7000 	C:\Program Files\Java\jdk1.8.0_221\bin\java.exe
0x00007ffef2ae0000 - 0x00007ffef2cd0000 	C:\WINDOWS\SYSTEM32\ntdll.dll
0x00007ffef29e0000 - 0x00007ffef2a92000 	C:\WINDOWS\System32\KERNEL32.DLL
0x00007ffeefa70000 - 0x00007ffeefd14000 	C:\WINDOWS\System32\KERNELBASE.dll
0x00007ffef2540000 - 0x00007ffef25e3000 	C:\WINDOWS\System32\ADVAPI32.dll
0x00007ffef0c40000 - 0x00007ffef0cde000 	C:\WINDOWS\System32\msvcrt.dll
0x00007ffef10a0000 - 0x00007ffef1137000 	C:\WINDOWS\System32\sechost.dll
0x00007ffef0d60000 - 0x00007ffef0e80000 	C:\WINDOWS\System32\RPCRT4.dll
0x00007ffef2840000 - 0x00007ffef29d4000 	C:\WINDOWS\System32\USER32.dll
0x00007ffef01d0000 - 0x00007ffef01f1000 	C:\WINDOWS\System32\win32u.dll
0x00007ffef0e80000 - 0x00007ffef0ea6000 	C:\WINDOWS\System32\GDI32.dll
0x00007ffeeff40000 - 0x00007ffef00d4000 	C:\WINDOWS\System32\gdi32full.dll
0x00007ffef0130000 - 0x00007ffef01ce000 	C:\WINDOWS\System32\msvcp_win.dll
0x00007ffef09e0000 - 0x00007ffef0ada000 	C:\WINDOWS\System32\ucrtbase.dll
0x00007ffee1bc0000 - 0x00007ffee1e44000 	C:\WINDOWS\WinSxS\amd64_microsoft.windows.common-controls_6595b64144ccf1df_6.0.18362.836_none_e6c4b943130f18ed\COMCTL32.dll
0x00007ffef11a0000 - 0x00007ffef14d6000 	C:\WINDOWS\System32\combase.dll
0x00007ffeefd20000 - 0x00007ffeefda0000 	C:\WINDOWS\System32\bcryptPrimitives.dll
0x00007ffef0f80000 - 0x00007ffef0fae000 	C:\WINDOWS\System32\IMM32.DLL
0x0000000060600000 - 0x00000000606d2000 	C:\Program Files\Java\jdk1.8.0_221\jre\bin\msvcr100.dll
0x000000005fd50000 - 0x00000000605f5000 	C:\Program Files\Java\jdk1.8.0_221\jre\bin\server\jvm.dll
0x00007ffef2830000 - 0x00007ffef2838000 	C:\WINDOWS\System32\PSAPI.DLL
0x00007ffeebf10000 - 0x00007ffeebf1a000 	C:\WINDOWS\SYSTEM32\VERSION.dll
0x00007ffeebfe0000 - 0x00007ffeec004000 	C:\WINDOWS\SYSTEM32\WINMM.dll
0x00007ffeec740000 - 0x00007ffeec749000 	C:\WINDOWS\SYSTEM32\WSOCK32.dll
0x00007ffef1d90000 - 0x00007ffef1dff000 	C:\WINDOWS\System32\WS2_32.dll
0x00007ffeebf50000 - 0x00007ffeebf7d000 	C:\WINDOWS\SYSTEM32\WINMMBASE.dll
0x00007ffeefef0000 - 0x00007ffeeff3a000 	C:\WINDOWS\System32\cfgmgr32.dll
0x00007ffee1360000 - 0x00007ffee136f000 	C:\Program Files\Java\jdk1.8.0_221\jre\bin\verify.dll
0x00007ffedda00000 - 0x00007ffedda29000 	C:\Program Files\Java\jdk1.8.0_221\jre\bin\java.dll
0x00007ffedced0000 - 0x00007ffedcef3000 	C:\Program Files\Java\jdk1.8.0_221\jre\bin\instrument.dll
0x00007ffededd0000 - 0x00007ffedede6000 	C:\Program Files\Java\jdk1.8.0_221\jre\bin\zip.dll

VM Arguments:
jvm_args: -XX:TieredStopAtLevel=1 -Xverify:none -Dspring.output.ansi.enabled=always -Dcom.sun.management.jmxremote -Dspring.jmx.enabled=true -Dspring.liveBeansView.mbeanDomain -Dspring.application.admin.enabled=true -javaagent:D:\idea\IntelliJ IDEA 2019.3.3\lib\idea_rt.jar=62189:D:\idea\IntelliJ IDEA 2019.3.3\bin -Dfile.encoding=UTF-8 
java_command: com.wxw.blog.BlogApplication
java_class_path (initial): C:\Program Files\Java\jdk1.8.0_221\jre\lib\charsets.jar;C:\Program Files\Java\jdk1.8.0_221\jre\lib\deploy.jar;C:\Program Files\Java\jdk1.8.0_221\jre\lib\ext\access-bridge-64.jar;C:\Program Files\Java\jdk1.8.0_221\jre\lib\ext\cldrdata.jar;C:\Program Files\Java\jdk1.8.0_221\jre\lib\ext\dnsns.jar;C:\Program Files\Java\jdk1.8.0_221\jre\lib\ext\jaccess.jar;C:\Program Files\Java\jdk1.8.0_221\jre\lib\ext\jfxrt.jar;C:\Program Files\Java\jdk1.8.0_221\jre\lib\ext\localedata.jar;C:\Program Files\Java\jdk1.8.0_221\jre\lib\ext\nashorn.jar;C:\Program Files\Java\jdk1.8.0_221\jre\lib\ext\sunec.jar;C:\Program Files\Java\jdk1.8.0_221\jre\lib\ext\sunjce_provider.jar;C:\Program Files\Java\jdk1.8.0_221\jre\lib\ext\sunmscapi.jar;C:\Program Files\Java\jdk1.8.0_221\jre\lib\ext\sunpkcs11.jar;C:\Program Files\Java\jdk1.8.0_221\jre\lib\ext\zipfs.jar;C:\Program Files\Java\jdk1.8.0_221\jre\lib\javaws.jar;C:\Program Files\Java\jdk1.8.0_221\jre\lib\jce.jar;C:\Program Files\Java\jdk1.8.0_221\jre\lib\jfr.jar;C:\Program Files\Java\jdk1.8.0_221\jre\lib\jfxswt.jar;C:\Program Files\Java\jdk1.8.0_221\jre\lib\jsse.jar;C:\Program Files\Java\jdk1.8.0_221\jre\lib\management-agent.jar;C:\Program Files\Java\jdk1.8.0_221\jre\lib\plugin.jar;C:\Program Files\Java\jdk1.8.0_221\jre\lib\resources.jar;C:\Program Files\Java\jdk1.8.0_221\jre\lib\rt.jar;D:\idea文件路径\blog\target\classes;D:\本地仓库\repository\commons-codec\commons-codec\1.14\commons-codec-1.14.jar;D:\本地仓库\repository\com\atlassian\commonmark\commonmark\0.14.0\commonmark-0.14.0.jar;D:\本地仓库\repository\com\atlassian\commonmark\commonmark-ext-gfm-tables\0.14.0\commonmark-ext-gfm-tables-0.14.0.jar;D:\本地仓库\repository\com\atlassian\commonmark\commonmark-ext-heading-anchor\0.14.0\commonmark-ext-heading-anchor-0.14.0.jar;D:\本地仓库\repository\org\apache\shiro\shiro-spring\1.4.0\shiro-spring-1.4.0.jar;D:\本地仓库\repository\org\apache\shiro\shiro-core\1.4.0\shiro-core-1.4.0.jar;D:\本地仓库\repository\org\apache\shiro\sh
Launcher Type: SUN_STANDARD

Environment Variables:
JAVA_HOME=C:\Program Files\Java\jdk1.8.0_221
CLASSPATH=.;%C:\Program Files\Java\jdk1.8.0_221\lib;C:\Program Files\Java\jdk1.8.0_221\litools
PATH=D:\Xftp\;D:\Xshell\;D:\VanDyke Software\Clients\;C:\Program Files (x86)\Common Files\Oracle\Java\javapath;"C:\Program Files\Java\jdk1.8.0_221;C:\Program Files\Java\jdk1.8.0_221\bin;";C:\WINDOWS;C:\WINDOWS\System32\Wbem;C:\WINDOWS\System32\WindowsPowerShell\v1.0\;C:\WINDOWS\system32;C:\WINDOWS\System32\OpenSSH\;D:\apache-maven-3.6.2\bin;"C:\WINDOWS\system32;";D:\gradle-4.10.1\bin;D:\apache-tomcat-8.5.47\bin;C:\Program Files\MySQL\MySQL Shell 8.0\bin\;C:\Users\Administrator\AppData\Local\Microsoft\WindowsApps;
USERNAME=Administrator
OS=Windows_NT
PROCESSOR_IDENTIFIER=Intel64 Family 6 Model 142 Stepping 10, GenuineIntel



---------------  S Y S T E M  ---------------

OS: Windows 10.0 , 64 bit Build 18362 (10.0.18362.778)

CPU:total 8 (initial active 8) (4 cores per cpu, 2 threads per core) family 6 model 142 stepping 10, cmov, cx8, fxsr, mmx, sse, sse2, sse3, ssse3, sse4.1, sse4.2, popcnt, avx, avx2, aes, clmul, erms, 3dnowpref, lzcnt, ht, tsc, tscinvbit, bmi1, bmi2, adx

Memory: 4k page, physical 8283460k(2198856k free), swap 8283460k(5260k free)

vm_info: Java HotSpot(TM) 64-Bit Server VM (25.221-b11) for windows-amd64 JRE (1.8.0_221-b11), built on Jul  4 2019 04:39:29 by "java_re" with MS VC++ 10.0 (VS2010)

time: Wed May 27 15:05:56 2020
timezone: 中国标准时间
elapsed time: 0 seconds (0d 0h 0m 0s)

